[2025-11-24T14:58:39.730Z] 🚀 TESTE DE AMBIENTE IIS - INICIADO
[2025-11-24T14:58:39.739Z] =====================================
[2025-11-24T14:58:39.742Z] 📊 Informações do Ambiente:
[2025-11-24T14:58:39.744Z]    Node.js: v22.17.0
[2025-11-24T14:58:39.747Z]    Plataforma: win32 x64
[2025-11-24T14:58:39.749Z]    PID: 18972
[2025-11-24T14:58:39.751Z]    Usuário: alberto.j-basis
[2025-11-24T14:58:39.753Z]    Diretório de trabalho: C:\PROJETOS\sql_api
[2025-11-24T14:58:39.755Z]    IIS_IUSRS: N/A
[2025-11-24T14:58:39.758Z]    COMPUTERNAME: IPEN-D57398
[2025-11-24T14:58:39.760Z] 
[2025-11-24T14:58:39.763Z] 📦 Verificando módulos:
[2025-11-24T14:58:41.500Z]    ✅ mssql - OK
[2025-11-24T14:58:41.503Z] 
[2025-11-24T14:58:41.505Z] 🔌 Teste de Conectividade SQL Server:
[2025-11-24T14:58:41.510Z] 📋 Configuração do banco:
[2025-11-24T14:58:41.513Z]    Server: UIRAPURU
[2025-11-24T14:58:41.515Z]    Database: VendasPelicano
[2025-11-24T14:58:41.517Z]    User: crsa
[2025-11-24T14:58:41.519Z]    Port: 1433
[2025-11-24T14:58:41.521Z]    TrustedConnection: false
[2025-11-24T14:58:41.523Z]    Encrypt: false
[2025-11-24T14:58:41.525Z] 
[2025-11-24T14:58:41.528Z] 🔄 Tentando conectar...
[2025-11-24T14:58:41.534Z] ❌ ERRO DETECTADO:
[2025-11-24T14:58:41.537Z]    Mensagem: The "config.options.isolationLevel" property must be of type number. Received type string (READ_COMMITTED)
[2025-11-24T14:58:41.540Z]    Código: N/A
[2025-11-24T14:58:41.542Z]    Stack: TypeError: The "config.options.isolationLevel" property must be of type number. Received type string (READ_COMMITTED)
    at assertValidIsolationLevel (C:\PROJETOS\sql_api\node_modules\tedious\lib\transaction.js:40:11)
    at new Connection (C:\PROJETOS\sql_api\node_modules\tedious\lib\connection.js:675:52)
    at C:\PROJETOS\sql_api\node_modules\mssql\lib\tedious\connection-pool.js:78:19
    at new Promise (<anonymous>)
    at ConnectionPool._poolCreate (C:\PROJETOS\sql_api\node_modules\mssql\lib\tedious\connection-pool.js:67:12)
    at ConnectionPool._connect (C:\PROJETOS\sql_api\node_modules\mssql\lib\base\connection-pool.js:446:10)
    at C:\PROJETOS\sql_api\node_modules\mssql\lib\base\connection-pool.js:418:19
    at new Promise (<anonymous>)
    at ConnectionPool.connect (C:\PROJETOS\sql_api\node_modules\mssql\lib\base\connection-pool.js:417:12)
    at Object.connect (C:\PROJETOS\sql_api\node_modules\mssql\lib\global-connection.js:59:27)
[2025-11-24T14:58:41.545Z] 
[2025-11-24T14:58:41.548Z] 🔧 POSSÍVEIS SOLUÇÕES:
[2025-11-24T14:58:41.550Z] 🔒 Conexões fechadas
[2025-11-24T14:58:41.552Z] 
[2025-11-24T14:58:41.554Z] 📊 TESTE FINALIZADO
[2025-11-24T14:58:41.556Z] =====================================
[2025-11-24T14:59:23.977Z] 🚀 TESTE DE AMBIENTE IIS - INICIADO
[2025-11-24T14:59:23.988Z] =====================================
[2025-11-24T14:59:23.990Z] 📊 Informações do Ambiente:
[2025-11-24T14:59:23.992Z]    Node.js: v22.17.0
[2025-11-24T14:59:23.994Z]    Plataforma: win32 x64
[2025-11-24T14:59:23.996Z]    PID: 24864
[2025-11-24T14:59:23.998Z]    Usuário: alberto.j-basis
[2025-11-24T14:59:24.000Z]    Diretório de trabalho: C:\PROJETOS\sql_api
[2025-11-24T14:59:24.003Z]    IIS_IUSRS: N/A
[2025-11-24T14:59:24.005Z]    COMPUTERNAME: IPEN-D57398
[2025-11-24T14:59:24.007Z] 
[2025-11-24T14:59:24.009Z] 📦 Verificando módulos:
[2025-11-24T14:59:25.682Z]    ✅ mssql - OK
[2025-11-24T14:59:25.684Z] 
[2025-11-24T14:59:25.686Z] 🔌 Teste de Conectividade SQL Server:
[2025-11-24T14:59:25.690Z] 📋 Configuração do banco:
[2025-11-24T14:59:25.692Z]    Server: UIRAPURU
[2025-11-24T14:59:25.694Z]    Database: VendasPelicano
[2025-11-24T14:59:25.696Z]    User: crsa
[2025-11-24T14:59:25.699Z]    Port: 1433
[2025-11-24T14:59:25.702Z]    TrustedConnection: false
[2025-11-24T14:59:25.704Z]    Encrypt: false
[2025-11-24T14:59:25.707Z] 
[2025-11-24T14:59:25.708Z] 🔄 Tentando conectar...
[2025-11-24T14:59:25.764Z] ✅ Conexão estabelecida com sucesso!
[2025-11-24T14:59:25.767Z] 🔍 Executando query de teste...
[2025-11-24T14:59:25.791Z] ✅ Query executada com sucesso!
[2025-11-24T14:59:25.794Z]    Data/Hora: Mon Nov 24 2025 11:59:25 GMT-0300 (Horário Padrão de Brasília)
[2025-11-24T14:59:25.796Z]    Usuário Sistema: crsa
[2025-11-24T14:59:25.799Z] 
[2025-11-24T14:59:25.801Z] 🎉 TODOS OS TESTES PASSARAM!
[2025-11-24T14:59:25.805Z] 🔒 Conexões fechadas
[2025-11-24T14:59:25.808Z] 
[2025-11-24T14:59:25.810Z] 📊 TESTE FINALIZADO
[2025-11-24T14:59:25.812Z] =====================================
[2025-11-24T15:05:13.477Z] 🚀 TESTE DE AMBIENTE IIS - INICIADO
[2025-11-24T15:05:13.487Z] =====================================
[2025-11-24T15:05:13.489Z] 📊 Informações do Ambiente:
[2025-11-24T15:05:13.491Z]    Node.js: v22.17.0
[2025-11-24T15:05:13.493Z]    Plataforma: win32 x64
[2025-11-24T15:05:13.495Z]    PID: 29272
[2025-11-24T15:05:13.497Z]    Usuário: alberto.j-basis
[2025-11-24T15:05:13.499Z]    Diretório de trabalho: C:\PROJETOS\sql_api
[2025-11-24T15:05:13.502Z]    IIS_IUSRS: N/A
[2025-11-24T15:05:13.505Z]    COMPUTERNAME: IPEN-D57398
[2025-11-24T15:05:13.507Z] 
[2025-11-24T15:05:13.509Z] 📦 Verificando módulos:
[2025-11-24T15:05:16.947Z]    ✅ mssql - OK
[2025-11-24T15:05:16.949Z] 
[2025-11-24T15:05:16.951Z] 🔌 Teste de Conectividade SQL Server:
[2025-11-24T15:05:16.955Z] 📋 Configuração do banco:
[2025-11-24T15:05:16.957Z]    Server: UIRAPURU
[2025-11-24T15:05:16.959Z]    Database: VendasPelicano
[2025-11-24T15:05:16.960Z]    User: crsa
[2025-11-24T15:05:16.962Z]    Port: 1433
[2025-11-24T15:05:16.964Z]    TrustedConnection: false
[2025-11-24T15:05:16.966Z]    Encrypt: false
[2025-11-24T15:05:16.968Z] 
[2025-11-24T15:05:16.971Z] 🔄 Tentando conectar...
[2025-11-24T15:05:17.294Z] ✅ Conexão estabelecida com sucesso!
[2025-11-24T15:05:17.297Z] 🔍 Executando query de teste...
[2025-11-24T15:05:17.324Z] ✅ Query executada com sucesso!
[2025-11-24T15:05:17.327Z]    Data/Hora: Mon Nov 24 2025 12:05:17 GMT-0300 (Horário Padrão de Brasília)
[2025-11-24T15:05:17.329Z]    Usuário Sistema: crsa
[2025-11-24T15:05:17.333Z] 
[2025-11-24T15:05:17.337Z] 🎉 TODOS OS TESTES PASSARAM!
[2025-11-24T15:05:17.342Z] 🔒 Conexões fechadas
[2025-11-24T15:05:17.345Z] 
[2025-11-24T15:05:17.348Z] 📊 TESTE FINALIZADO
[2025-11-24T15:05:17.350Z] =====================================
